[debug] [2023-03-30T16:51:51.963Z] ----------------------------------------------------------------------
[debug] [2023-03-30T16:51:51.965Z] Command:       C:\Program Files\nodejs\node.exe C:\Users\mankavoo siva balaji\AppData\Roaming\npm\node_modules\firebase-tools\lib\bin\firebase.js deploy
[debug] [2023-03-30T16:51:51.965Z] CLI Version:   11.25.1
[debug] [2023-03-30T16:51:51.965Z] Platform:      win32
[debug] [2023-03-30T16:51:51.965Z] Node Version:  v16.15.1
[debug] [2023-03-30T16:51:51.966Z] Time:          Thu Mar 30 2023 22:21:51 GMT+0530 (India Standard Time)
[debug] [2023-03-30T16:51:51.966Z] ----------------------------------------------------------------------
[debug] 
[debug] [2023-03-30T16:51:52.033Z] > command requires scopes: ["email","openid","https://www.googleapis.com/auth/cloudplatformprojects.readonly","https://www.googleapis.com/auth/firebase","https://www.googleapis.com/auth/cloud-platform"]
[debug] [2023-03-30T16:51:52.033Z] > authorizing via signed-in user (manakavoo.ug.21.ad@francisxavier.ac.in)
[debug] [2023-03-30T16:51:52.034Z] [iam] checking project tech-olympics for permissions ["firebase.projects.get","firebasehosting.sites.update"]
[debug] [2023-03-30T16:51:52.035Z] > refreshing access token with scopes: []
[debug] [2023-03-30T16:51:52.036Z] >>> [apiv2][query] POST https://www.googleapis.com/oauth2/v3/token [none]
[debug] [2023-03-30T16:51:52.036Z] >>> [apiv2][body] POST https://www.googleapis.com/oauth2/v3/token [omitted]
[debug] [2023-03-30T16:51:52.054Z] [iam] error while checking permissions, command may fail: FirebaseError: Authentication Error: Your credentials are no longer valid. Please run firebase login --reauth

For CI servers and headless environments, generate a new token with firebase login:ci
[debug] [2023-03-30T16:51:52.054Z] > refreshing access token with scopes: []
[debug] [2023-03-30T16:51:52.055Z] >>> [apiv2][query] POST https://www.googleapis.com/oauth2/v3/token [none]
[debug] [2023-03-30T16:51:52.055Z] >>> [apiv2][body] POST https://www.googleapis.com/oauth2/v3/token [omitted]
[debug] [2023-03-30T16:51:52.072Z] Authentication Error: Your credentials are no longer valid. Please run firebase login --reauth

For CI servers and headless environments, generate a new token with firebase login:ci
[debug] [2023-03-30T16:51:52.081Z] FirebaseError: Authentication Error: Your credentials are no longer valid. Please run firebase login --reauth

For CI servers and headless environments, generate a new token with firebase login:ci
    at invalidCredentialError (C:\Users\mankavoo siva balaji\AppData\Roaming\npm\node_modules\firebase-tools\lib\auth.js:144:12)
    at refreshTokens (C:\Users\mankavoo siva balaji\AppData\Roaming\npm\node_modules\firebase-tools\lib\auth.js:508:15)
    at processTicksAndRejections (node:internal/process/task_queues:96:5)
    at async Client.getAccessToken (C:\Users\mankavoo siva balaji\AppData\Roaming\npm\node_modules\firebase-tools\lib\apiv2.js:149:23)
    at async Client.addAuthHeader (C:\Users\mankavoo siva balaji\AppData\Roaming\npm\node_modules\firebase-tools\lib\apiv2.js:140:21)
    at async Client.request (C:\Users\mankavoo siva balaji\AppData\Roaming\npm\node_modules\firebase-tools\lib\apiv2.js:96:34)
    at async getFirebaseProject (C:\Users\mankavoo siva balaji\AppData\Roaming\npm\node_modules\firebase-tools\lib\management\projects.js:295:21)
    at async getDefaultHostingSite (C:\Users\mankavoo siva balaji\AppData\Roaming\npm\node_modules\firebase-tools\lib\getDefaultHostingSite.js:10:21)
    at async requireHostingSite (C:\Users\mankavoo siva balaji\AppData\Roaming\npm\node_modules\firebase-tools\lib\requireHostingSite.js:9:18)
    at async Object.fn (C:\Users\mankavoo siva balaji\AppData\Roaming\npm\node_modules\firebase-tools\lib\commands\deploy.js:74:9)
    at async C:\Users\mankavoo siva balaji\AppData\Roaming\npm\node_modules\firebase-tools\lib\command.js:214:17
[error] 
[error] Error: Failed to get Firebase project tech-olympics. Please make sure the project exists and your account has permission to access it.
